<?xml version="1.0" encoding="UTF-8"?>
<!-- Generated by org.testng.reporters.JUnitReportReporter -->
<testsuite hostname="ZS-LT-9X5WKW3" failures="0" tests="1" name="testbase.ChangePasswordTest" time="2.406" errors="0" timestamp="2025-04-28T22:50:23 IST" skipped="0">
  <testcase classname="testbase.ChangePasswordTest" name="TC_21_testChangePassword" time="2.406"/>
</testsuite> <!-- testbase.ChangePasswordTest -->
