<?xml version="1.0" encoding="UTF-8"?>
<!-- Generated by org.testng.reporters.JUnitReportReporter -->
<testsuite hostname="ZS-LT-9X5WKW3" failures="0" tests="8" name="testbase.BookHotelTest" time="40.444" errors="0" timestamp="2025-04-28T22:50:23 IST" skipped="0">
  <testcase classname="testbase.BookHotelTest" name="TC_13_testWithOutClickingRadioButton" time="0.488"/>
  <testcase classname="testbase.BookHotelTest" name="TC_14_testGoToBookingPage" time="0.637"/>
  <testcase classname="testbase.BookHotelTest" name="TC_15_testWithoutFirstname" time="5.091"/>
  <testcase classname="testbase.BookHotelTest" name="TC_16_testWithoutLastname" time="4.961"/>
  <testcase classname="testbase.BookHotelTest" name="TC_17_testWithoutBillingAddress" time="4.428"/>
  <testcase classname="testbase.BookHotelTest" name="TC_18_testWithoutCardNumber" time="4.948"/>
  <testcase classname="testbase.BookHotelTest" name="TC_19_testBookWithValidData" time="7.049"/>
  <testcase classname="testbase.BookHotelTest" name="TC_20_testItinerary" time="12.842"/>
</testsuite> <!-- testbase.BookHotelTest -->
