<?xml version="1.0" encoding="UTF-8"?>
<!-- Generated by org.testng.reporters.JUnitReportReporter -->
<testsuite hostname="ZS-LT-9X5WKW3" failures="0" tests="6" name="testbase.LoginTest" time="7.092" errors="0" timestamp="2025-04-28T22:50:23 IST" skipped="0">
  <testcase classname="testbase.LoginTest" name="TC_01_testLoginButtonVisible" time="0.253"/>
  <testcase classname="testbase.LoginTest" name="TC_02_tesLogintButtonClickable" time="0.044"/>
  <testcase classname="testbase.LoginTest" name="TC_03_testInvalidUsernameAndvalidPassword" time="1.016"/>
  <testcase classname="testbase.LoginTest" name="TC_04_testInvalidUsernameAndValidPassword" time="0.398"/>
  <testcase classname="testbase.LoginTest" name="TC_05_testInvalidUsernameAndInvalidPassword" time="0.840"/>
  <testcase classname="testbase.LoginTest" name="TC_06_testvalidlogin" time="4.541"/>
</testsuite> <!-- testbase.LoginTest -->
